<?xml version="1.0" encoding="UTF-8"?>
<testng-results ignored="0" total="0" passed="0" failed="0" skipped="0">
  <reporter-output>
  </reporter-output>
  <suite started-at="2023-04-27T19:53:51 PDT" name="Tutorialsninja Hybrid Automation Suite" finished-at="2023-04-27T19:53:51 PDT" duration-ms="15">
    <groups>
    </groups>
    <test started-at="2023-04-27T19:53:51 PDT" name="Tutorialsninja Testcase" finished-at="2023-04-27T19:53:51 PDT" duration-ms="15">
    </test> <!-- Tutorialsninja Testcase -->
  </suite> <!-- Tutorialsninja Hybrid Automation Suite -->
</testng-results>
